<?xml version="1.0" encoding="UTF-8"?>
<testng-results ignored="0" total="1" passed="1" failed="0" skipped="0">
  <reporter-output>
  </reporter-output>
  <suite started-at="2023-08-29T21:13:56 IST" name="Default suite" finished-at="2023-08-29T21:13:56 IST" duration-ms="99">
    <groups>
    </groups>
    <test started-at="2023-08-29T21:13:56 IST" name="Default test" finished-at="2023-08-29T21:13:56 IST" duration-ms="99">
      <class name="org.testng.SampleTestNG.Hello">
        <test-method signature="get()[pri:0, instance:org.testng.SampleTestNG.Hello@1ed6388a]" started-at="2023-08-29T21:13:56 IST" name="get" finished-at="2023-08-29T21:13:56 IST" duration-ms="17" status="PASS">
          <reporter-output>
          </reporter-output>
        </test-method> <!-- get -->
      </class> <!-- org.testng.SampleTestNG.Hello -->
    </test> <!-- Default test -->
  </suite> <!-- Default suite -->
</testng-results>
