<?xml version="1.0" encoding="UTF-8"?>
<testng-results ignored="0" total="1" passed="1" failed="0" skipped="0">
  <reporter-output>
  </reporter-output>
  <suite started-at="2023-08-08T00:35:00 IST" name="Default suite" finished-at="2023-08-08T00:35:00 IST" duration-ms="83">
    <groups>
    </groups>
    <test started-at="2023-08-08T00:35:00 IST" name="Default test" finished-at="2023-08-08T00:35:00 IST" duration-ms="83">
      <class name="org.testNG.Naju">
        <test-method signature="name()[pri:0, instance:org.testNG.Naju@534a5a98]" started-at="2023-08-08T00:35:00 IST" name="name" finished-at="2023-08-08T00:35:00 IST" duration-ms="11" status="PASS">
          <reporter-output>
          </reporter-output>
        </test-method> <!-- name -->
      </class> <!-- org.testNG.Naju -->
    </test> <!-- Default test -->
  </suite> <!-- Default suite -->
</testng-results>
